# JRE version: OpenJDK Runtime Environment (11.0.2+9) (build 11.0.2+9)
# Java VM: OpenJDK 64-Bit Server VM (11.0.2+9, mixed mode, tiered, compressed oops, g1 gc, linux-amd64)
Heap:
 garbage-first heap   total 1011712K, used 87252K [0x0000000426000000, 0x0000000800000000)
  region size 4096K, 21 young (86016K), 2 survivors (8192K)
 Metaspace       used 30697K, capacity 31228K, committed 31408K, reserved 1077248K
  class space    used 3294K, capacity 3536K, committed 3584K, reserved 1048576K
GC Heap History (8 events):
Event: 1.043 GC heap before
{Heap before GC invocations=0 (full 0):
 garbage-first heap   total 1011712K, used 49152K [0x0000000426000000, 0x0000000800000000)
  region size 4096K, 12 young (49152K), 0 survivors (0K)
 Metaspace       used 11414K, capacity 11513K, committed 11648K, reserved 1060864K
  class space    used 1048K, capacity 1089K, committed 1152K, reserved 1048576K
}
Event: 1.066 GC heap after
{Heap after GC invocations=1 (full 0):
 garbage-first heap   total 1011712K, used 8777K [0x0000000426000000, 0x0000000800000000)
  region size 4096K, 2 young (8192K), 2 survivors (8192K)
 Metaspace       used 11414K, capacity 11513K, committed 11648K, reserved 1060864K
  class space    used 1048K, capacity 1089K, committed 1152K, reserved 1048576K
}
Event: 1.426 GC heap before
{Heap before GC invocations=1 (full 0):
 garbage-first heap   total 1011712K, used 49737K [0x0000000426000000, 0x0000000800000000)
  region size 4096K, 12 young (49152K), 2 survivors (8192K)
 Metaspace       used 15409K, capacity 15676K, committed 15872K, reserved 1062912K
  class space    used 1574K, capacity 1669K, committed 1792K, reserved 1048576K
}
Event: 1.438 GC heap after
{Heap after GC invocations=2 (full 0):
 garbage-first heap   total 1011712K, used 10345K [0x0000000426000000, 0x0000000800000000)
  region size 4096K, 1 young (4096K), 1 survivors (4096K)
 Metaspace       used 15409K, capacity 15676K, committed 15872K, reserved 1062912K
  class space    used 1574K, capacity 1669K, committed 1792K, reserved 1048576K
}
Event: 1.822 GC heap before
{Heap before GC invocations=2 (full 0):
 garbage-first heap   total 1011712K, used 43113K [0x0000000426000000, 0x0000000800000000)
  region size 4096K, 10 young (40960K), 1 survivors (4096K)
 Metaspace       used 20696K, capacity 21073K, committed 21296K, reserved 1069056K
  class space    used 2160K, capacity 2318K, committed 2432K, reserved 1048576K
}
Event: 1.827 GC heap after
{Heap after GC invocations=3 (full 0):
 garbage-first heap   total 1011712K, used 12008K [0x0000000426000000, 0x0000000800000000)
  region size 4096K, 1 young (4096K), 1 survivors (4096K)
 Metaspace       used 20696K, capacity 21073K, committed 21296K, reserved 1069056K
  class space    used 2160K, capacity 2318K, committed 2432K, reserved 1048576K
}
Event: 2.435 GC heap before
{Heap before GC invocations=4 (full 0):
 garbage-first heap   total 1011712K, used 98024K [0x0000000426000000, 0x0000000800000000)
  region size 4096K, 22 young (90112K), 1 survivors (4096K)
 Metaspace       used 24949K, capacity 25435K, committed 25648K, reserved 1073152K
  class space    used 2650K, capacity 2871K, committed 2944K, reserved 1048576K
}
Event: 2.456 GC heap after
{Heap after GC invocations=5 (full 0):
 garbage-first heap   total 1011712K, used 13524K [0x0000000426000000, 0x0000000800000000)
  region size 4096K, 2 young (8192K), 2 survivors (8192K)
 Metaspace       used 24949K, capacity 25435K, committed 25648K, reserved 1073152K
  class space    used 2650K, capacity 2871K, committed 2944K, reserved 1048576K
}

